<?xml version="1.0" encoding="UTF-8"?>
<testng-results ignored="0" total="1" passed="1" failed="0" skipped="0">
  <reporter-output>
  </reporter-output>
  <suite started-at="2022-01-24T17:02:59 IST" name="Default suite" finished-at="2022-01-24T17:02:59 IST" duration-ms="215">
    <groups>
    </groups>
    <test started-at="2022-01-24T17:02:59 IST" name="Default test" finished-at="2022-01-24T17:02:59 IST" duration-ms="215">
      <class name="Github.DemoGit">
        <test-method signature="demoGit()[pri:0, instance:Github.DemoGit@53976f5c]" started-at="2022-01-24T17:02:59 IST" name="demoGit" finished-at="2022-01-24T17:02:59 IST" duration-ms="23" status="PASS">
          <reporter-output>
          </reporter-output>
        </test-method> <!-- demoGit -->
      </class> <!-- Github.DemoGit -->
    </test> <!-- Default test -->
  </suite> <!-- Default suite -->
</testng-results>
